app/build/outputs/logs/manifest-merger-debug-report.txt
-- Merging decision tree log ---
manifest
ADDED from src/main/AndroidManifest.xml:2:1-45:12
	package
		ADDED from src/main/AndroidManifest.xml:3:5-30
		INJECTED from src/main/AndroidManifest.xml
		INJECTED from src/main/AndroidManifest.xml
	android:versionName
		ADDED from src/main/AndroidManifest.xml:5:5-30
		INJECTED from src/main/AndroidManifest.xml
		INJECTED from src/main/AndroidManifest.xml
	android:versionCode
		ADDED from src/main/AndroidManifest.xml:4:5-28
		INJECTED from src/main/AndroidManifest.xml
		INJECTED from src/main/AndroidManifest.xml
	xmlns:android
		ADDED from src/main/AndroidManifest.xml:2:11-69
application
ADDED from src/main/AndroidManifest.xml:6:5-43:19
	android:label
		ADDED from src/main/AndroidManifest.xml:8:9-41
	android:allowBackup
		ADDED from src/main/AndroidManifest.xml:10:9-35
	android:icon
		ADDED from src/main/AndroidManifest.xml:7:9-45
	android:theme
		ADDED from src/main/AndroidManifest.xml:9:9-38
activity#com.st.accounts.ListAccounts
ADDED from src/main/AndroidManifest.xml:11:9-18:20
	android:label
		ADDED from src/main/AndroidManifest.xml:12:13-47
	android:name
		ADDED from src/main/AndroidManifest.xml:13:13-41
intent-filter#android.intent.action.MAIN+android.intent.category.LAUNCHER
ADDED from src/main/AndroidManifest.xml:14:13-17:29
action#android.intent.action.MAIN
ADDED from src/main/AndroidManifest.xml:15:17-69
	android:name
		ADDED from src/main/AndroidManifest.xml:15:25-66
category#android.intent.category.LAUNCHER
ADDED from src/main/AndroidManifest.xml:16:17-77
	android:name
		ADDED from src/main/AndroidManifest.xml:16:27-74
activity#com.st.accounts.AddAccount
ADDED from src/main/AndroidManifest.xml:19:9-21:47
	android:label
		ADDED from src/main/AndroidManifest.xml:21:13-44
	android:name
		ADDED from src/main/AndroidManifest.xml:20:13-39
activity#com.st.accounts.AddTransaction
ADDED from src/main/AndroidManifest.xml:22:9-24:51
	android:label
		ADDED from src/main/AndroidManifest.xml:24:13-48
	android:name
		ADDED from src/main/AndroidManifest.xml:23:13-43
activity#com.st.accounts.UpdateAccount
ADDED from src/main/AndroidManifest.xml:25:9-27:47
	android:label
		ADDED from src/main/AndroidManifest.xml:27:13-44
	android:name
		ADDED from src/main/AndroidManifest.xml:26:13-42
activity#com.st.accounts.ListAccountTransactions
ADDED from src/main/AndroidManifest.xml:28:9-30:52
	android:label
		ADDED from src/main/AndroidManifest.xml:30:13-49
	android:name
		ADDED from src/main/AndroidManifest.xml:29:13-52
activity#com.st.accounts.TransactionDetails
ADDED from src/main/AndroidManifest.xml:31:9-33:51
	android:label
		ADDED from src/main/AndroidManifest.xml:33:13-48
	android:name
		ADDED from src/main/AndroidManifest.xml:32:13-47
activity#com.st.accounts.SearchTransactions
ADDED from src/main/AndroidManifest.xml:34:9-36:51
	android:label
		ADDED from src/main/AndroidManifest.xml:36:13-48
	android:name
		ADDED from src/main/AndroidManifest.xml:35:13-47
activity#com.st.accounts.ListTransactions
ADDED from src/main/AndroidManifest.xml:37:9-39:44
	android:label
		ADDED from src/main/AndroidManifest.xml:39:13-41
	android:name
		ADDED from src/main/AndroidManifest.xml:38:13-45
activity#com.st.accounts.ListRecentTransactions
ADDED from src/main/AndroidManifest.xml:40:9-42:51
	android:label
		ADDED from src/main/AndroidManifest.xml:42:13-48
	android:name
		ADDED from src/main/AndroidManifest.xml:41:13-51
uses-sdk
INJECTED from src/main/AndroidManifest.xml reason: use-sdk injection requested
	android:targetSdkVersion
		INJECTED from src/main/AndroidManifest.xml
		INJECTED from src/main/AndroidManifest.xml
	android:minSdkVersion
		INJECTED from src/main/AndroidManifest.xml
		INJECTED from src/main/AndroidManifest.xml